<?xml version="1.0" encoding="UTF-8"?>
<!-- Generated by org.testng.reporters.JUnitXMLReporter -->
<testsuite hostname="DESKTOP-K72D0KT" name="Device 1" tests="1" failures="0" timestamp="18 Oct 2017 08:13:33 GMT" time="44.355" errors="0">
  <testcase name="@BeforeTest beforeTest" time="0.0" classname="com.experitest.reporter.task.Login">
    <failure type="org.openqa.selenium.SessionNotCreatedException" message="session not created (An unknown server-side error occurred. status=&amp;apos;false&amp;apos;. Failed to complete internal method: &amp;apos;install args: [cloud:com.experitest.ExperiBank, true, false]&amp;apos;, details: Failed to install cloud application: . Failed to install cloud application: . Failed to install: C:\ProgramData\cloud-server\original-apks\2\com.experitest.ExperiBank_ver_1767_2017-08-17-14-17-04.ipa 
on iOS device: 9df0ee60a9e98312d63958ddd47dee522376c137
 (reportUrl=http://stage-reporter.experitest.com:80/#/test/2634))  (WARNING: The server did not provide any stacktrace information)
Command duration or timeout: 43.54 seconds
Build info: version: &amp;apos;2.53.1&amp;apos;, revision: &amp;apos;a36b8b1cd5757287168e54b817830adce9b0158d&amp;apos;, time: &amp;apos;2016-06-30 19:26:09&amp;apos;
System info: host: &amp;apos;DESKTOP-K72D0KT&amp;apos;, ip: &amp;apos;192.168.1.111&amp;apos;, os.name: &amp;apos;Windows 10&amp;apos;, os.arch: &amp;apos;amd64&amp;apos;, os.version: &amp;apos;10.0&amp;apos;, java.version: &amp;apos;1.8.0_101&amp;apos;
Driver info: io.appium.java_client.ios.IOSDriver">
      <![CDATA[org.openqa.selenium.SessionNotCreatedException: session not created (An unknown server-side error occurred. status='false'. Failed to complete internal method: 'install args: [cloud:com.experitest.ExperiBank, true, false]', details: Failed to install cloud application: . Failed to install cloud application: . Failed to install: C:\ProgramData\cloud-server\original-apks\2\com.experitest.ExperiBank_ver_1767_2017-08-17-14-17-04.ipa 
on iOS device: 9df0ee60a9e98312d63958ddd47dee522376c137
 (reportUrl=http://stage-reporter.experitest.com:80/#/test/2634))  (WARNING: The server did not provide any stacktrace information)
Command duration or timeout: 43.54 seconds
Build info: version: '2.53.1', revision: 'a36b8b1cd5757287168e54b817830adce9b0158d', time: '2016-06-30 19:26:09'
System info: host: 'DESKTOP-K72D0KT', ip: '192.168.1.111', os.name: 'Windows 10', os.arch: 'amd64', os.version: '10.0', java.version: '1.8.0_101'
Driver info: io.appium.java_client.ios.IOSDriver
	at org.openqa.selenium.remote.ErrorHandler.createThrowable(ErrorHandler.java:206)
	at org.openqa.selenium.remote.ErrorHandler.throwIfResponseFailed(ErrorHandler.java:158)
	at org.openqa.selenium.remote.RemoteWebDriver.execute(RemoteWebDriver.java:678)
	at io.appium.java_client.DefaultGenericMobileDriver.execute(DefaultGenericMobileDriver.java:40)
	at io.appium.java_client.AppiumDriver.execute(AppiumDriver.java:1)
	at io.appium.java_client.ios.IOSDriver.execute(IOSDriver.java:1)
	at org.openqa.selenium.remote.RemoteWebDriver.startSession(RemoteWebDriver.java:249)
	at org.openqa.selenium.remote.RemoteWebDriver.<init>(RemoteWebDriver.java:131)
	at org.openqa.selenium.remote.RemoteWebDriver.<init>(RemoteWebDriver.java:144)
	at io.appium.java_client.DefaultGenericMobileDriver.<init>(DefaultGenericMobileDriver.java:36)
	at io.appium.java_client.AppiumDriver.<init>(AppiumDriver.java:114)
	at io.appium.java_client.AppiumDriver.<init>(AppiumDriver.java:132)
	at io.appium.java_client.ios.IOSDriver.<init>(IOSDriver.java:82)
	at com.experitest.reporter.task.TestBase.beforeTest(TestBase.java:71)
	at java.util.concurrent.FutureTask.run(FutureTask.java:266)
	at java.util.concurrent.ThreadPoolExecutor.runWorker(ThreadPoolExecutor.java:1142)
	at java.util.concurrent.ThreadPoolExecutor$Worker.run(ThreadPoolExecutor.java:617)
	at java.lang.Thread.run(Thread.java:745)
... Removed 18 stack frames]]>
    </failure>
  </testcase> <!-- @BeforeTest beforeTest -->
  <testcase name="@AfterTest afterClass" time="0.0" classname="com.experitest.reporter.task.Login">
    <skipped/>
  </testcase> <!-- @AfterTest afterClass -->
  <testcase name="login" time="0.001" classname="com.experitest.reporter.task.Login">
    <skipped/>
  </testcase> <!-- login -->
</testsuite> <!-- Device 1 -->
