<!DOCTYPE html PUBLIC "-//W3C//DTD XHTML 1.1//EN" "http://www.w3.org/TR/xhtml11/DTD/xhtml11.dtd">
<html xmlns="http://www.w3.org/1999/xhtml"><head><title>TestNG Report</title><style type="text/css">table {margin-bottom:10px;border-collapse:collapse;empty-cells:show}th,td {border:1px solid #009;padding:.25em .5em}th {vertical-align:bottom}td {vertical-align:top}table a {font-weight:bold}.stripe td {background-color: #E6EBF9}.num {text-align:right}.passedodd td {background-color: #3F3}.passedeven td {background-color: #0A0}.skippedodd td {background-color: #DDD}.skippedeven td {background-color: #CCC}.failedodd td,.attn {background-color: #F33}.failedeven td,.stripe .attn {background-color: #D00}.stacktrace {white-space:pre;font-family:monospace}.totop {font-size:85%;text-align:center;border-bottom:2px solid #000}</style></head><body><table><tr><th>Test</th><th># Passed</th><th># Skipped</th><th># Failed</th><th>Time (ms)</th><th>Included Groups</th><th>Excluded Groups</th></tr><tr><th colspan="7">ReporterTask</th></tr><tr><td><a href="#t0">Device 2</a></td><td class="num">0</td><td class="num attn">1</td><td class="num">0</td><td class="num">57,945</td><td></td><td></td></tr><tr class="stripe"><td><a href="#t1">Device 1</a></td><td class="num">0</td><td class="num attn">1</td><td class="num">0</td><td class="num">57,945</td><td></td><td></td></tr><tr><th>Total</th><th class="num">0</th><th class="num attn">2</th><th class="num">0</th><th class="num">115,890</th><th colspan="2"></th></tr></table><table><thead><tr><th>Class</th><th>Method</th><th>Start</th><th>Time (ms)</th></tr></thead><tbody><tr><th colspan="4">ReporterTask</th></tr></tbody><tbody id="t0"><tr><th colspan="4">Device 2 &#8212; failed (configuration methods)</th></tr><tr class="failedeven"><td rowspan="1">com.experitest.reporter.task.Login</td><td><a href="#m0">beforeTest</a></td><td rowspan="1">1506335493095</td><td rowspan="1">0</td></tr><tr><th colspan="4">Device 2 &#8212; skipped (configuration methods)</th></tr><tr class="skippedeven"><td rowspan="1">com.experitest.reporter.task.Login</td><td><a href="#m1">afterClass</a></td><td rowspan="1">1506335551038</td><td rowspan="1">0</td></tr><tr><th colspan="4">Device 2 &#8212; skipped</th></tr><tr class="skippedeven"><td rowspan="1">com.experitest.reporter.task.Login</td><td><a href="#m2">login</a></td><td rowspan="1">1506335551038</td><td rowspan="1">0</td></tr></tbody><tbody id="t1"><tr><th colspan="4">Device 1 &#8212; failed (configuration methods)</th></tr><tr class="failedeven"><td rowspan="1">com.experitest.reporter.task.Login</td><td><a href="#m3">beforeTest</a></td><td rowspan="1">1506335493095</td><td rowspan="1">0</td></tr><tr><th colspan="4">Device 1 &#8212; skipped (configuration methods)</th></tr><tr class="skippedeven"><td rowspan="1">com.experitest.reporter.task.Login</td><td><a href="#m4">afterClass</a></td><td rowspan="1">1506335551038</td><td rowspan="1">0</td></tr><tr><th colspan="4">Device 1 &#8212; skipped</th></tr><tr class="skippedeven"><td rowspan="1">com.experitest.reporter.task.Login</td><td><a href="#m5">login</a></td><td rowspan="1">1506335551038</td><td rowspan="1">0</td></tr></tbody></table><h2>Device 2</h2><h3 id="m0">com.experitest.reporter.task.Login#beforeTest</h3><table class="result"><tr class="param"><th>Parameter #1</th><th>Parameter #2</th></tr><tr class="param stripe"><td>iOS</td><td>@os=&apos;ios&apos; and @category=&apos;PHONE&apos;</td></tr><tr><th colspan="2">Exception</th></tr><tr><td colspan="2"><div class="stacktrace">org.openqa.selenium.SessionNotCreatedException: session not created (failed to launch cloud:com.experitest.ExperiBank, because it is not installed on the device (reportUrl=/private/var/folders/zz/zyxvpxvq6csfxvn_n0000000000000/T/headless/CLOUD-SID_2017-09-25_13-31-34-bb6ce72e-41d7-461c-9934-985e0aea0e03/dd3728c5-06f3-4784-8aa4-2d20e0e29249))  (WARNING: The server did not provide any stacktrace information)
Command duration or timeout: 56.62 seconds
Build info: version: &apos;2.53.1&apos;, revision: &apos;a36b8b1cd5757287168e54b817830adce9b0158d&apos;, time: &apos;2016-06-30 19:26:09&apos;
System info: host: &apos;DESKTOP-K72D0KT&apos;, ip: &apos;192.168.1.129&apos;, os.name: &apos;Windows 10&apos;, os.arch: &apos;amd64&apos;, os.version: &apos;10.0&apos;, java.version: &apos;1.8.0_101&apos;
Driver info: io.appium.java_client.ios.IOSDriver
	at org.openqa.selenium.remote.ErrorHandler.createThrowable(ErrorHandler.java:206)
	at org.openqa.selenium.remote.ErrorHandler.throwIfResponseFailed(ErrorHandler.java:158)
	at org.openqa.selenium.remote.RemoteWebDriver.execute(RemoteWebDriver.java:678)
	at io.appium.java_client.DefaultGenericMobileDriver.execute(DefaultGenericMobileDriver.java:40)
	at io.appium.java_client.AppiumDriver.execute(AppiumDriver.java:1)
	at io.appium.java_client.ios.IOSDriver.execute(IOSDriver.java:1)
	at org.openqa.selenium.remote.RemoteWebDriver.startSession(RemoteWebDriver.java:249)
	at org.openqa.selenium.remote.RemoteWebDriver.&lt;init&gt;(RemoteWebDriver.java:131)
	at org.openqa.selenium.remote.RemoteWebDriver.&lt;init&gt;(RemoteWebDriver.java:144)
	at io.appium.java_client.DefaultGenericMobileDriver.&lt;init&gt;(DefaultGenericMobileDriver.java:36)
	at io.appium.java_client.AppiumDriver.&lt;init&gt;(AppiumDriver.java:114)
	at io.appium.java_client.AppiumDriver.&lt;init&gt;(AppiumDriver.java:132)
	at io.appium.java_client.ios.IOSDriver.&lt;init&gt;(IOSDriver.java:82)
	at com.experitest.reporter.task.TestBase.beforeTest(TestBase.java:75)
	at java.util.concurrent.FutureTask.run(FutureTask.java:266)
	at java.util.concurrent.ThreadPoolExecutor.runWorker(ThreadPoolExecutor.java:1142)
	at java.util.concurrent.ThreadPoolExecutor$Worker.run(ThreadPoolExecutor.java:617)
	at java.lang.Thread.run(Thread.java:745)
... Removed 18 stack frames</div></td></tr></table><p class="totop"><a href="#summary">back to summary</a></p><h3 id="m1">com.experitest.reporter.task.Login#afterClass</h3><table class="result"></table><p class="totop"><a href="#summary">back to summary</a></p><h3 id="m2">com.experitest.reporter.task.Login#login</h3><table class="result"></table><p class="totop"><a href="#summary">back to summary</a></p><h2>Device 1</h2><h3 id="m3">com.experitest.reporter.task.Login#beforeTest</h3><table class="result"><tr class="param"><th>Parameter #1</th><th>Parameter #2</th></tr><tr class="param stripe"><td>iOS</td><td>@os=&apos;ios&apos; and @category=&apos;PHONE&apos;</td></tr><tr><th colspan="2">Exception</th></tr><tr><td colspan="2"><div class="stacktrace">org.openqa.selenium.SessionNotCreatedException: session not created (failed to launch cloud:com.experitest.ExperiBank, because it is not installed on the device (reportUrl=/private/var/folders/zz/zyxvpxvq6csfxvn_n0000000000000/T/headless/CLOUD-SID_2017-09-25_13-31-34-bba11245-734f-4125-b3cb-40c24e004794/7c8c6dbf-f0cf-4b04-a2d6-9cc73f163912))  (WARNING: The server did not provide any stacktrace information)
Command duration or timeout: 56.62 seconds
Build info: version: &apos;2.53.1&apos;, revision: &apos;a36b8b1cd5757287168e54b817830adce9b0158d&apos;, time: &apos;2016-06-30 19:26:09&apos;
System info: host: &apos;DESKTOP-K72D0KT&apos;, ip: &apos;192.168.1.129&apos;, os.name: &apos;Windows 10&apos;, os.arch: &apos;amd64&apos;, os.version: &apos;10.0&apos;, java.version: &apos;1.8.0_101&apos;
Driver info: io.appium.java_client.ios.IOSDriver
	at org.openqa.selenium.remote.ErrorHandler.createThrowable(ErrorHandler.java:206)
	at org.openqa.selenium.remote.ErrorHandler.throwIfResponseFailed(ErrorHandler.java:158)
	at org.openqa.selenium.remote.RemoteWebDriver.execute(RemoteWebDriver.java:678)
	at io.appium.java_client.DefaultGenericMobileDriver.execute(DefaultGenericMobileDriver.java:40)
	at io.appium.java_client.AppiumDriver.execute(AppiumDriver.java:1)
	at io.appium.java_client.ios.IOSDriver.execute(IOSDriver.java:1)
	at org.openqa.selenium.remote.RemoteWebDriver.startSession(RemoteWebDriver.java:249)
	at org.openqa.selenium.remote.RemoteWebDriver.&lt;init&gt;(RemoteWebDriver.java:131)
	at org.openqa.selenium.remote.RemoteWebDriver.&lt;init&gt;(RemoteWebDriver.java:144)
	at io.appium.java_client.DefaultGenericMobileDriver.&lt;init&gt;(DefaultGenericMobileDriver.java:36)
	at io.appium.java_client.AppiumDriver.&lt;init&gt;(AppiumDriver.java:114)
	at io.appium.java_client.AppiumDriver.&lt;init&gt;(AppiumDriver.java:132)
	at io.appium.java_client.ios.IOSDriver.&lt;init&gt;(IOSDriver.java:82)
	at com.experitest.reporter.task.TestBase.beforeTest(TestBase.java:75)
	at java.util.concurrent.FutureTask.run(FutureTask.java:266)
	at java.util.concurrent.ThreadPoolExecutor.runWorker(ThreadPoolExecutor.java:1142)
	at java.util.concurrent.ThreadPoolExecutor$Worker.run(ThreadPoolExecutor.java:617)
	at java.lang.Thread.run(Thread.java:745)
... Removed 18 stack frames</div></td></tr></table><p class="totop"><a href="#summary">back to summary</a></p><h3 id="m4">com.experitest.reporter.task.Login#afterClass</h3><table class="result"></table><p class="totop"><a href="#summary">back to summary</a></p><h3 id="m5">com.experitest.reporter.task.Login#login</h3><table class="result"></table><p class="totop"><a href="#summary">back to summary</a></p></body></html>